<?xml version="1.0" encoding="UTF-8"?>
<robot generator="Robot 4.1.1 (Python 3.8.2 on win32)" generated="20211026 23:53:36.066" rpa="false" schemaversion="2">
<suite id="s1" name="Test Cases" source="D:\office docs\automation\BUKU\test_cases\test_cases.robot">
<test id="s1-t1" name="Test-1 login into app &gt; navigate to hutang tab &gt; tap on tambah hutang piutang &gt; Add amount Rp &gt; tap on Pilih dari buku kontak &gt; Pick existing contact &gt; Add notes and select dates[">
<kw name="launch bee cash app in android" library="app_featurs">
<kw name="Open Application" library="AppiumLibrary">
<arg>remote_url=${DEV.APPIUM_SERVER}</arg>
<arg>platformName=${DEV.PLATFORM_NAME}</arg>
<arg>platformVersion=${DEV.PLATFORM_VERSION}</arg>
<arg>deviceName=${DEV.DEVICE_NAME}</arg>
<arg>automationName=${automationName}</arg>
<arg>appPackage=${appPackage}</arg>
<arg>appActivity=${appActivity}</arg>
<doc>Opens a new application to given Appium server.
Capabilities of appium server, Android and iOS,
Please check https://github.com/appium/appium/blob/master/docs/en/writing-running-appium/server-args.md
| *Option*            | *Man.* | *Description*     |
| remote_url          | Yes    | Appium server url |
| alias               | no     | alias             |</doc>
<status status="PASS" starttime="20211026 23:53:36.218" endtime="20211026 23:53:43.893"/>
</kw>
<status status="PASS" starttime="20211026 23:53:36.218" endtime="20211026 23:53:43.893"/>
</kw>
<kw name="performing logina via otp with valid credentials" library="app_featurs">
<kw name="Wait Until Keyword Succeeds" library="BuiltIn">
<arg>2x</arg>
<arg>2sec</arg>
<arg>input text</arg>
<arg>${phone_field}</arg>
<arg>${phone_number}</arg>
<doc>Runs the specified keyword and retries if it fails.</doc>
<kw name="Input Text" library="AppiumLibrary">
<arg>${phone_field}</arg>
<arg>${phone_number}</arg>
<doc>Types the given `text` into text field identified by `locator`.</doc>
<msg timestamp="20211026 23:53:43.896" level="INFO">Typing text '7406792607' into text field 'xpath=//android.widget.EditText[@index='3']'</msg>
<status status="PASS" starttime="20211026 23:53:43.894" endtime="20211026 23:53:47.399"/>
</kw>
<status status="PASS" starttime="20211026 23:53:43.894" endtime="20211026 23:53:47.399"/>
</kw>
<kw name="Wait Until Keyword Succeeds" library="BuiltIn">
<arg>2x</arg>
<arg>2sec</arg>
<arg>Wait Until Page Contains Element</arg>
<arg>${country_change_option}</arg>
<doc>Runs the specified keyword and retries if it fails.</doc>
<kw name="Wait Until Page Contains Element" library="AppiumLibrary">
<arg>${country_change_option}</arg>
<doc>Waits until element specified with `locator` appears on current page.</doc>
<status status="PASS" starttime="20211026 23:53:47.399" endtime="20211026 23:53:47.662"/>
</kw>
<status status="PASS" starttime="20211026 23:53:47.399" endtime="20211026 23:53:47.662"/>
</kw>
<kw name="Wait Until Keyword Succeeds" library="BuiltIn">
<arg>2x</arg>
<arg>2sec</arg>
<arg>click element</arg>
<arg>${country_change_option}</arg>
<doc>Runs the specified keyword and retries if it fails.</doc>
<kw name="Click Element" library="AppiumLibrary">
<arg>${country_change_option}</arg>
<doc>Click element identified by `locator`.</doc>
<msg timestamp="20211026 23:53:47.664" level="INFO">Clicking element 'xpath=//android.view.ViewGroup[@content-desc='Pilih Daerah']'.</msg>
<status status="PASS" starttime="20211026 23:53:47.663" endtime="20211026 23:53:48.064"/>
</kw>
<status status="PASS" starttime="20211026 23:53:47.663" endtime="20211026 23:53:48.064"/>
</kw>
<kw name="Wait Until Keyword Succeeds" library="BuiltIn">
<arg>2x</arg>
<arg>2sec</arg>
<arg>click element</arg>
<arg>${select_indian}</arg>
<doc>Runs the specified keyword and retries if it fails.</doc>
<kw name="Click Element" library="AppiumLibrary">
<arg>${select_indian}</arg>
<doc>Click element identified by `locator`.</doc>
<msg timestamp="20211026 23:53:48.066" level="INFO">Clicking element 'xpath=//android.widget.TextView[@text='India']'.</msg>
<msg timestamp="20211026 23:53:48.100" level="FAIL">ValueError: Element locator 'xpath=//android.widget.TextView[@text='India']' did not match any elements.</msg>
<status status="FAIL" starttime="20211026 23:53:48.065" endtime="20211026 23:53:48.100"/>
</kw>
<kw name="Click Element" library="AppiumLibrary">
<arg>${select_indian}</arg>
<doc>Click element identified by `locator`.</doc>
<msg timestamp="20211026 23:53:50.114" level="INFO">Clicking element 'xpath=//android.widget.TextView[@text='India']'.</msg>
<status status="PASS" starttime="20211026 23:53:50.113" endtime="20211026 23:53:50.638"/>
</kw>
<status status="PASS" starttime="20211026 23:53:48.065" endtime="20211026 23:53:50.638"/>
</kw>
<kw name="Wait Until Keyword Succeeds" library="BuiltIn">
<arg>2x</arg>
<arg>2sec</arg>
<arg>click element</arg>
<arg>${send_otp_button}</arg>
<doc>Runs the specified keyword and retries if it fails.</doc>
<kw name="Click Element" library="AppiumLibrary">
<arg>${send_otp_button}</arg>
<doc>Click element identified by `locator`.</doc>
<msg timestamp="20211026 23:53:50.640" level="INFO">Clicking element 'xpath=//android.widget.TextView[@text='OTP via SMS']'.</msg>
<msg timestamp="20211026 23:53:50.687" level="FAIL">ValueError: Element locator 'xpath=//android.widget.TextView[@text='OTP via SMS']' did not match any elements.</msg>
<status status="FAIL" starttime="20211026 23:53:50.638" endtime="20211026 23:53:50.687"/>
</kw>
<kw name="Click Element" library="AppiumLibrary">
<arg>${send_otp_button}</arg>
<doc>Click element identified by `locator`.</doc>
<msg timestamp="20211026 23:53:52.689" level="INFO">Clicking element 'xpath=//android.widget.TextView[@text='OTP via SMS']'.</msg>
<status status="PASS" starttime="20211026 23:53:52.688" endtime="20211026 23:53:52.728"/>
</kw>
<status status="PASS" starttime="20211026 23:53:50.638" endtime="20211026 23:53:52.728"/>
</kw>
<kw name="Wait Until Keyword Succeeds" library="BuiltIn">
<arg>2x</arg>
<arg>2sec</arg>
<arg>Wait Until Page Contains Element</arg>
<arg>${otp_field}</arg>
<arg>${otp_number}</arg>
<doc>Runs the specified keyword and retries if it fails.</doc>
<kw name="Wait Until Page Contains Element" library="AppiumLibrary">
<arg>${otp_field}</arg>
<arg>${otp_number}</arg>
<doc>Waits until element specified with `locator` appears on current page.</doc>
<status status="PASS" starttime="20211026 23:53:52.728" endtime="20211026 23:53:54.346"/>
</kw>
<status status="PASS" starttime="20211026 23:53:52.728" endtime="20211026 23:53:54.347"/>
</kw>
<kw name="Wait Until Keyword Succeeds" library="BuiltIn">
<arg>2x</arg>
<arg>2sec</arg>
<arg>input text</arg>
<arg>${otp_field}</arg>
<arg>${otp_number}</arg>
<doc>Runs the specified keyword and retries if it fails.</doc>
<kw name="Input Text" library="AppiumLibrary">
<arg>${otp_field}</arg>
<arg>${otp_number}</arg>
<doc>Types the given `text` into text field identified by `locator`.</doc>
<msg timestamp="20211026 23:53:54.348" level="INFO">Typing text '1234' into text field 'xpath=//android.widget.EditText[@index='0']'</msg>
<status status="PASS" starttime="20211026 23:53:54.347" endtime="20211026 23:53:54.390"/>
</kw>
<status status="PASS" starttime="20211026 23:53:54.347" endtime="20211026 23:53:54.390"/>
</kw>
<status status="PASS" starttime="20211026 23:53:43.894" endtime="20211026 23:53:54.390"/>
</kw>
<doc>make payment</doc>
<tag>payment</tag>
<status status="PASS" starttime="20211026 23:53:36.218" endtime="20211026 23:53:54.391"/>
</test>
<status status="PASS" starttime="20211026 23:53:36.067" endtime="20211026 23:53:54.392"/>
</suite>
<statistics>
<total>
<stat pass="1" fail="0" skip="0">All Tests</stat>
</total>
<tag>
<stat pass="1" fail="0" skip="0">payment</stat>
</tag>
<suite>
<stat pass="1" fail="0" skip="0" id="s1" name="Test Cases">Test Cases</stat>
</suite>
</statistics>
<errors>
<msg timestamp="20211026 23:53:36.084" level="ERROR">Error in file 'D:\office docs\automation\BUKU\test_cases\test_cases.robot' on line 3: Importing library 'DatabaseLibrary' failed: ModuleNotFoundError: No module named 'DatabaseLibrary'
Traceback (most recent call last):
  None
PYTHONPATH:
  D:\office docs\automation\BUKU\test_cases
  C:\Program Files\Python38\python38.zip
  C:\Program Files\Python38\DLLs
  C:\Program Files\Python38\lib
  C:\Program Files\Python38
  C:\Users\shara\AppData\Roaming\Python\Python38\site-packages
  C:\Program Files\Python38\lib\site-packages</msg>
<msg timestamp="20211026 23:53:36.213" level="ERROR">Error in file 'D:\office docs\automation\BUKU\feature\app_featurs.robot' on line 3: Importing library 'DatabaseLibrary' failed: ModuleNotFoundError: No module named 'DatabaseLibrary'
Traceback (most recent call last):
  None
PYTHONPATH:
  D:\office docs\automation\BUKU\test_cases
  C:\Program Files\Python38\python38.zip
  C:\Program Files\Python38\DLLs
  C:\Program Files\Python38\lib
  C:\Program Files\Python38
  C:\Users\shara\AppData\Roaming\Python\Python38\site-packages
  C:\Program Files\Python38\lib\site-packages</msg>
<msg timestamp="20211026 23:53:36.216" level="ERROR">Error in file 'D:\office docs\automation\BUKU\locators\app_locators.robot' on line 3: Importing library 'DatabaseLibrary' failed: ModuleNotFoundError: No module named 'DatabaseLibrary'
Traceback (most recent call last):
  None
PYTHONPATH:
  D:\office docs\automation\BUKU\test_cases
  C:\Program Files\Python38\python38.zip
  C:\Program Files\Python38\DLLs
  C:\Program Files\Python38\lib
  C:\Program Files\Python38
  C:\Users\shara\AppData\Roaming\Python\Python38\site-packages
  C:\Program Files\Python38\lib\site-packages</msg>
</errors>
</robot>
