<?xml version="1.0" encoding="UTF-8"?>
<robot generator="Robot 4.1.1 (Python 3.8.2 on win32)" generated="20211027 16:30:21.124" rpa="false" schemaversion="2">
<suite id="s1" name="Test Cases" source="D:\office docs\automation\buku\test_cases\test_cases.robot">
<test id="s1-t1" name="Test-1 login into app &gt; navigate to hutang tab &gt; tap on tambah hutang piutang &gt; Add amount Rp &gt; tap on Pilih dari buku kontak &gt; Pick existing contact &gt; Add notes and select dates[">
<kw name="launch bee cash app in android" library="app_featurs">
<kw name="Open Application" library="AppiumLibrary">
<arg>remote_url=${DEV.APPIUM_SERVER}</arg>
<arg>platformName=${DEV.PLATFORM_NAME}</arg>
<arg>platformVersion=${DEV.PLATFORM_VERSION}</arg>
<arg>deviceName=${DEV.DEVICE_NAME}</arg>
<arg>automationName=${automationName}</arg>
<arg>appPackage=${appPackage}</arg>
<arg>appActivity=${appActivity}</arg>
<doc>Opens a new application to given Appium server.
Capabilities of appium server, Android and iOS,
Please check https://github.com/appium/appium/blob/master/docs/en/writing-running-appium/server-args.md
| *Option*            | *Man.* | *Description*     |
| remote_url          | Yes    | Appium server url |
| alias               | no     | alias             |</doc>
<status status="PASS" starttime="20211027 16:30:21.277" endtime="20211027 16:30:31.141"/>
</kw>
<status status="PASS" starttime="20211027 16:30:21.277" endtime="20211027 16:30:31.142"/>
</kw>
<kw name="performing logina via otp with valid credentials" library="app_featurs">
<kw name="Wait Until Keyword Succeeds" library="BuiltIn">
<arg>2x</arg>
<arg>2sec</arg>
<arg>input text</arg>
<arg>${phone_field}</arg>
<arg>${phone_number}</arg>
<doc>Runs the specified keyword and retries if it fails.</doc>
<kw name="Input Text" library="AppiumLibrary">
<arg>${phone_field}</arg>
<arg>${phone_number}</arg>
<doc>Types the given `text` into text field identified by `locator`.</doc>
<msg timestamp="20211027 16:30:31.144" level="INFO">Typing text '7406792607' into text field 'xpath=//android.widget.EditText[@index='3']'</msg>
<status status="PASS" starttime="20211027 16:30:31.142" endtime="20211027 16:30:35.064"/>
</kw>
<status status="PASS" starttime="20211027 16:30:31.142" endtime="20211027 16:30:35.064"/>
</kw>
<kw name="Wait Until Keyword Succeeds" library="BuiltIn">
<arg>2x</arg>
<arg>2sec</arg>
<arg>Wait Until Page Contains Element</arg>
<arg>${country_change_option}</arg>
<doc>Runs the specified keyword and retries if it fails.</doc>
<kw name="Wait Until Page Contains Element" library="AppiumLibrary">
<arg>${country_change_option}</arg>
<doc>Waits until element specified with `locator` appears on current page.</doc>
<status status="PASS" starttime="20211027 16:30:35.065" endtime="20211027 16:30:35.297"/>
</kw>
<status status="PASS" starttime="20211027 16:30:35.065" endtime="20211027 16:30:35.297"/>
</kw>
<kw name="Wait Until Keyword Succeeds" library="BuiltIn">
<arg>2x</arg>
<arg>2sec</arg>
<arg>click element</arg>
<arg>${country_change_option}</arg>
<doc>Runs the specified keyword and retries if it fails.</doc>
<kw name="Click Element" library="AppiumLibrary">
<arg>${country_change_option}</arg>
<doc>Click element identified by `locator`.</doc>
<msg timestamp="20211027 16:30:35.299" level="INFO">Clicking element 'xpath=//android.view.ViewGroup[@content-desc='Pilih Daerah']'.</msg>
<status status="PASS" starttime="20211027 16:30:35.297" endtime="20211027 16:30:36.370"/>
</kw>
<status status="PASS" starttime="20211027 16:30:35.297" endtime="20211027 16:30:36.370"/>
</kw>
<kw name="Wait Until Keyword Succeeds" library="BuiltIn">
<arg>2x</arg>
<arg>2sec</arg>
<arg>click element</arg>
<arg>${select_indian}</arg>
<doc>Runs the specified keyword and retries if it fails.</doc>
<kw name="Click Element" library="AppiumLibrary">
<arg>${select_indian}</arg>
<doc>Click element identified by `locator`.</doc>
<msg timestamp="20211027 16:30:36.372" level="INFO">Clicking element 'xpath=//android.widget.TextView[@text='India']'.</msg>
<msg timestamp="20211027 16:30:36.411" level="FAIL">ValueError: Element locator 'xpath=//android.widget.TextView[@text='India']' did not match any elements.</msg>
<status status="FAIL" starttime="20211027 16:30:36.370" endtime="20211027 16:30:36.411"/>
</kw>
<kw name="Click Element" library="AppiumLibrary">
<arg>${select_indian}</arg>
<doc>Click element identified by `locator`.</doc>
<msg timestamp="20211027 16:30:38.422" level="INFO">Clicking element 'xpath=//android.widget.TextView[@text='India']'.</msg>
<status status="PASS" starttime="20211027 16:30:38.420" endtime="20211027 16:30:38.893"/>
</kw>
<status status="PASS" starttime="20211027 16:30:36.370" endtime="20211027 16:30:38.893"/>
</kw>
<kw name="Wait Until Keyword Succeeds" library="BuiltIn">
<arg>2x</arg>
<arg>2sec</arg>
<arg>click element</arg>
<arg>${send_otp_button}</arg>
<doc>Runs the specified keyword and retries if it fails.</doc>
<kw name="Click Element" library="AppiumLibrary">
<arg>${send_otp_button}</arg>
<doc>Click element identified by `locator`.</doc>
<msg timestamp="20211027 16:30:38.895" level="INFO">Clicking element 'xpath=//android.widget.TextView[@text='OTP via SMS']'.</msg>
<msg timestamp="20211027 16:30:38.936" level="FAIL">ValueError: Element locator 'xpath=//android.widget.TextView[@text='OTP via SMS']' did not match any elements.</msg>
<status status="FAIL" starttime="20211027 16:30:38.893" endtime="20211027 16:30:38.936"/>
</kw>
<kw name="Click Element" library="AppiumLibrary">
<arg>${send_otp_button}</arg>
<doc>Click element identified by `locator`.</doc>
<msg timestamp="20211027 16:30:40.951" level="INFO">Clicking element 'xpath=//android.widget.TextView[@text='OTP via SMS']'.</msg>
<status status="PASS" starttime="20211027 16:30:40.949" endtime="20211027 16:30:40.995"/>
</kw>
<status status="PASS" starttime="20211027 16:30:38.893" endtime="20211027 16:30:40.996"/>
</kw>
<kw name="Wait Until Keyword Succeeds" library="BuiltIn">
<arg>2x</arg>
<arg>2sec</arg>
<arg>Wait Until Page Contains Element</arg>
<arg>${otp_field}</arg>
<doc>Runs the specified keyword and retries if it fails.</doc>
<kw name="Wait Until Page Contains Element" library="AppiumLibrary">
<arg>${otp_field}</arg>
<doc>Waits until element specified with `locator` appears on current page.</doc>
<status status="PASS" starttime="20211027 16:30:40.996" endtime="20211027 16:30:43.630"/>
</kw>
<status status="PASS" starttime="20211027 16:30:40.996" endtime="20211027 16:30:43.630"/>
</kw>
<kw name="Wait Until Keyword Succeeds" library="BuiltIn">
<arg>2x</arg>
<arg>2sec</arg>
<arg>input text</arg>
<arg>${otp_field}</arg>
<arg>${otp_number}</arg>
<doc>Runs the specified keyword and retries if it fails.</doc>
<kw name="Input Text" library="AppiumLibrary">
<arg>${otp_field}</arg>
<arg>${otp_number}</arg>
<doc>Types the given `text` into text field identified by `locator`.</doc>
<msg timestamp="20211027 16:30:43.632" level="INFO">Typing text '1234' into text field 'xpath=//android.widget.EditText[@index='0']'</msg>
<status status="PASS" starttime="20211027 16:30:43.631" endtime="20211027 16:30:43.675"/>
</kw>
<status status="PASS" starttime="20211027 16:30:43.630" endtime="20211027 16:30:43.675"/>
</kw>
<status status="PASS" starttime="20211027 16:30:31.142" endtime="20211027 16:30:43.676"/>
</kw>
<kw name="Navigate to hutang tab" library="app_featurs">
<kw name="Wait Until Keyword Succeeds" library="BuiltIn">
<arg>3x</arg>
<arg>2sec</arg>
<arg>Wait Until Page Contains Element</arg>
<arg>${hutang_tab}</arg>
<doc>Runs the specified keyword and retries if it fails.</doc>
<kw name="Wait Until Page Contains Element" library="AppiumLibrary">
<arg>${hutang_tab}</arg>
<doc>Waits until element specified with `locator` appears on current page.</doc>
<status status="PASS" starttime="20211027 16:30:43.676" endtime="20211027 16:30:48.307"/>
</kw>
<status status="PASS" starttime="20211027 16:30:43.676" endtime="20211027 16:30:48.307"/>
</kw>
<kw name="Wait Until Keyword Succeeds" library="BuiltIn">
<arg>3x</arg>
<arg>2sec</arg>
<arg>click element</arg>
<arg>${hutang_tab}</arg>
<doc>Runs the specified keyword and retries if it fails.</doc>
<kw name="Click Element" library="AppiumLibrary">
<arg>${hutang_tab}</arg>
<doc>Click element identified by `locator`.</doc>
<msg timestamp="20211027 16:30:48.309" level="INFO">Clicking element 'xpath=//android.widget.TextView[@text='Hutang']'.</msg>
<status status="PASS" starttime="20211027 16:30:48.307" endtime="20211027 16:30:48.897"/>
</kw>
<status status="PASS" starttime="20211027 16:30:48.307" endtime="20211027 16:30:48.897"/>
</kw>
<status status="PASS" starttime="20211027 16:30:43.676" endtime="20211027 16:30:48.897"/>
</kw>
<kw name="Tap on tambah hutang piutang" library="app_featurs">
<kw name="Wait Until Keyword Succeeds" library="BuiltIn">
<arg>3x</arg>
<arg>2sec</arg>
<arg>click element</arg>
<arg>${tambah_hutang_piutang}</arg>
<doc>Runs the specified keyword and retries if it fails.</doc>
<kw name="Click Element" library="AppiumLibrary">
<arg>${tambah_hutang_piutang}</arg>
<doc>Click element identified by `locator`.</doc>
<msg timestamp="20211027 16:30:48.899" level="INFO">Clicking element 'xpath=//android.widget.TextView[@text='TAMBAH HUTANG PIUTANG']'.</msg>
<msg timestamp="20211027 16:30:48.953" level="FAIL">ValueError: Element locator 'xpath=//android.widget.TextView[@text='TAMBAH HUTANG PIUTANG']' did not match any elements.</msg>
<status status="FAIL" starttime="20211027 16:30:48.897" endtime="20211027 16:30:48.953"/>
</kw>
<kw name="Click Element" library="AppiumLibrary">
<arg>${tambah_hutang_piutang}</arg>
<doc>Click element identified by `locator`.</doc>
<msg timestamp="20211027 16:30:50.963" level="INFO">Clicking element 'xpath=//android.widget.TextView[@text='TAMBAH HUTANG PIUTANG']'.</msg>
<status status="PASS" starttime="20211027 16:30:50.961" endtime="20211027 16:30:51.018"/>
</kw>
<status status="PASS" starttime="20211027 16:30:48.897" endtime="20211027 16:30:51.018"/>
</kw>
<status status="PASS" starttime="20211027 16:30:48.897" endtime="20211027 16:30:51.019"/>
</kw>
<kw name="Add amount Rp in membri tab" library="app_featurs">
<kw name="Wait Until Keyword Succeeds" library="BuiltIn">
<arg>3x</arg>
<arg>2sec</arg>
<arg>Wait Until Page Contains Element</arg>
<arg>${rp}</arg>
<doc>Runs the specified keyword and retries if it fails.</doc>
<kw name="Wait Until Page Contains Element" library="AppiumLibrary">
<arg>${rp}</arg>
<doc>Waits until element specified with `locator` appears on current page.</doc>
<status status="PASS" starttime="20211027 16:30:51.019" endtime="20211027 16:30:52.601"/>
</kw>
<status status="PASS" starttime="20211027 16:30:51.019" endtime="20211027 16:30:52.601"/>
</kw>
<kw name="Wait Until Keyword Succeeds" library="BuiltIn">
<arg>2x</arg>
<arg>2sec</arg>
<arg>input text</arg>
<arg>${rp}</arg>
<arg>${rp_amount}</arg>
<doc>Runs the specified keyword and retries if it fails.</doc>
<kw name="Input Text" library="AppiumLibrary">
<arg>${rp}</arg>
<arg>${rp_amount}</arg>
<doc>Types the given `text` into text field identified by `locator`.</doc>
<msg timestamp="20211027 16:30:52.603" level="INFO">Typing text '100' into text field 'xpath=//android.widget.EditText[@content-desc='Jumlah']'</msg>
<status status="PASS" starttime="20211027 16:30:52.601" endtime="20211027 16:30:53.170"/>
</kw>
<status status="PASS" starttime="20211027 16:30:52.601" endtime="20211027 16:30:53.170"/>
</kw>
<status status="PASS" starttime="20211027 16:30:51.019" endtime="20211027 16:30:53.170"/>
</kw>
<kw name="Tap on the &quot;Pilih dari buku kontak&quot;" library="app_featurs">
<kw name="Wait Until Keyword Succeeds" library="BuiltIn">
<arg>3x</arg>
<arg>2sec</arg>
<arg>click element</arg>
<arg>${Pilih_dari_buku_kontak}</arg>
<doc>Runs the specified keyword and retries if it fails.</doc>
<kw name="Click Element" library="AppiumLibrary">
<arg>${Pilih_dari_buku_kontak}</arg>
<doc>Click element identified by `locator`.</doc>
<msg timestamp="20211027 16:30:53.173" level="INFO">Clicking element 'xpath=//android.widget.TextView[@text='Pilih dari buku kontak']'.</msg>
<status status="PASS" starttime="20211027 16:30:53.171" endtime="20211027 16:30:53.835"/>
</kw>
<status status="PASS" starttime="20211027 16:30:53.171" endtime="20211027 16:30:53.835"/>
</kw>
<kw name="Wait Until Keyword Succeeds" library="BuiltIn">
<arg>3x</arg>
<arg>2sec</arg>
<arg>click element</arg>
<arg>${IZINKAN}</arg>
<doc>Runs the specified keyword and retries if it fails.</doc>
<kw name="Click Element" library="AppiumLibrary">
<arg>${IZINKAN}</arg>
<doc>Click element identified by `locator`.</doc>
<msg timestamp="20211027 16:30:53.837" level="INFO">Clicking element 'xpath=//android.widget.TextView[@text='IZINKAN']'.</msg>
<msg timestamp="20211027 16:30:53.891" level="FAIL">ValueError: Element locator 'xpath=//android.widget.TextView[@text='IZINKAN']' did not match any elements.</msg>
<status status="FAIL" starttime="20211027 16:30:53.835" endtime="20211027 16:30:53.891"/>
</kw>
<kw name="Click Element" library="AppiumLibrary">
<arg>${IZINKAN}</arg>
<doc>Click element identified by `locator`.</doc>
<msg timestamp="20211027 16:30:55.906" level="INFO">Clicking element 'xpath=//android.widget.TextView[@text='IZINKAN']'.</msg>
<status status="PASS" starttime="20211027 16:30:55.904" endtime="20211027 16:30:55.925"/>
</kw>
<status status="PASS" starttime="20211027 16:30:53.835" endtime="20211027 16:30:55.926"/>
</kw>
<status status="PASS" starttime="20211027 16:30:53.171" endtime="20211027 16:30:55.926"/>
</kw>
<kw name="Pick the existing contact from the list" library="app_featurs">
<kw name="Wait Until Keyword Succeeds" library="BuiltIn">
<arg>3x</arg>
<arg>2sec</arg>
<arg>click element</arg>
<arg>${allow}</arg>
<doc>Runs the specified keyword and retries if it fails.</doc>
<kw name="Click Element" library="AppiumLibrary">
<arg>${allow}</arg>
<doc>Click element identified by `locator`.</doc>
<msg timestamp="20211027 16:30:55.928" level="INFO">Clicking element 'xpath=//android.widget.Button[@text='ALLOW']'.</msg>
<msg timestamp="20211027 16:30:55.939" level="FAIL">ValueError: Element locator 'xpath=//android.widget.Button[@text='ALLOW']' did not match any elements.</msg>
<status status="FAIL" starttime="20211027 16:30:55.926" endtime="20211027 16:30:55.939"/>
</kw>
<kw name="Click Element" library="AppiumLibrary">
<arg>${allow}</arg>
<doc>Click element identified by `locator`.</doc>
<msg timestamp="20211027 16:30:57.947" level="INFO">Clicking element 'xpath=//android.widget.Button[@text='ALLOW']'.</msg>
<status status="PASS" starttime="20211027 16:30:57.945" endtime="20211027 16:30:57.967"/>
</kw>
<status status="PASS" starttime="20211027 16:30:55.926" endtime="20211027 16:30:57.967"/>
</kw>
<kw name="Wait Until Keyword Succeeds" library="BuiltIn">
<arg>3x</arg>
<arg>2sec</arg>
<arg>click element</arg>
<arg>${contact_sharan}</arg>
<doc>Runs the specified keyword and retries if it fails.</doc>
<kw name="Click Element" library="AppiumLibrary">
<arg>${contact_sharan}</arg>
<doc>Click element identified by `locator`.</doc>
<msg timestamp="20211027 16:30:57.969" level="INFO">Clicking element 'xpath=//android.widget.TextView[@text='sharan']'.</msg>
<msg timestamp="20211027 16:30:58.030" level="FAIL">ValueError: Element locator 'xpath=//android.widget.TextView[@text='sharan']' did not match any elements.</msg>
<status status="FAIL" starttime="20211027 16:30:57.967" endtime="20211027 16:30:58.030"/>
</kw>
<kw name="Click Element" library="AppiumLibrary">
<arg>${contact_sharan}</arg>
<doc>Click element identified by `locator`.</doc>
<msg timestamp="20211027 16:31:00.041" level="INFO">Clicking element 'xpath=//android.widget.TextView[@text='sharan']'.</msg>
<status status="PASS" starttime="20211027 16:31:00.039" endtime="20211027 16:31:00.666"/>
</kw>
<status status="PASS" starttime="20211027 16:30:57.967" endtime="20211027 16:31:00.666"/>
</kw>
<status status="PASS" starttime="20211027 16:30:55.926" endtime="20211027 16:31:00.666"/>
</kw>
<kw name="Tap on simpan transaksi" library="app_featurs">
<kw name="Wait Until Keyword Succeeds" library="BuiltIn">
<arg>3x</arg>
<arg>2sec</arg>
<arg>Wait Until Page Contains Element</arg>
<arg>${simpan_transaksi}</arg>
<doc>Runs the specified keyword and retries if it fails.</doc>
<kw name="Wait Until Page Contains Element" library="AppiumLibrary">
<arg>${simpan_transaksi}</arg>
<doc>Waits until element specified with `locator` appears on current page.</doc>
<status status="PASS" starttime="20211027 16:31:00.667" endtime="20211027 16:31:01.290"/>
</kw>
<status status="PASS" starttime="20211027 16:31:00.666" endtime="20211027 16:31:01.290"/>
</kw>
<kw name="Wait Until Keyword Succeeds" library="BuiltIn">
<arg>3x</arg>
<arg>2sec</arg>
<arg>click element</arg>
<arg>${simpan_transaksi}</arg>
<doc>Runs the specified keyword and retries if it fails.</doc>
<kw name="Click Element" library="AppiumLibrary">
<arg>${simpan_transaksi}</arg>
<doc>Click element identified by `locator`.</doc>
<msg timestamp="20211027 16:31:01.293" level="INFO">Clicking element 'xpath=//android.widget.TextView[@text='SIMPAN TRANSAKSI']'.</msg>
<status status="PASS" starttime="20211027 16:31:01.291" endtime="20211027 16:31:01.348"/>
</kw>
<status status="PASS" starttime="20211027 16:31:01.291" endtime="20211027 16:31:01.348"/>
</kw>
<status status="PASS" starttime="20211027 16:31:00.666" endtime="20211027 16:31:01.349"/>
</kw>
<doc>make payment</doc>
<tag>payment</tag>
<status status="PASS" starttime="20211027 16:30:21.276" endtime="20211027 16:31:01.349"/>
</test>
<status status="PASS" starttime="20211027 16:30:21.125" endtime="20211027 16:31:01.350"/>
</suite>
<statistics>
<total>
<stat pass="1" fail="0" skip="0">All Tests</stat>
</total>
<tag>
<stat pass="1" fail="0" skip="0">payment</stat>
</tag>
<suite>
<stat pass="1" fail="0" skip="0" id="s1" name="Test Cases">Test Cases</stat>
</suite>
</statistics>
<errors>
<msg timestamp="20211027 16:30:21.141" level="ERROR">Error in file 'D:\office docs\automation\buku\test_cases\test_cases.robot' on line 3: Importing library 'DatabaseLibrary' failed: ModuleNotFoundError: No module named 'DatabaseLibrary'
Traceback (most recent call last):
  None
PYTHONPATH:
  D:\office docs\automation\buku\test_cases
  C:\Program Files\Python38\python38.zip
  C:\Program Files\Python38\DLLs
  C:\Program Files\Python38\lib
  C:\Program Files\Python38
  C:\Users\shara\AppData\Roaming\Python\Python38\site-packages
  C:\Program Files\Python38\lib\site-packages</msg>
<msg timestamp="20211027 16:30:21.271" level="ERROR">Error in file 'D:\office docs\automation\buku\feature\app_featurs.robot' on line 3: Importing library 'DatabaseLibrary' failed: ModuleNotFoundError: No module named 'DatabaseLibrary'
Traceback (most recent call last):
  None
PYTHONPATH:
  D:\office docs\automation\buku\test_cases
  C:\Program Files\Python38\python38.zip
  C:\Program Files\Python38\DLLs
  C:\Program Files\Python38\lib
  C:\Program Files\Python38
  C:\Users\shara\AppData\Roaming\Python\Python38\site-packages
  C:\Program Files\Python38\lib\site-packages</msg>
<msg timestamp="20211027 16:30:21.275" level="ERROR">Error in file 'D:\office docs\automation\buku\locators\app_locators.robot' on line 3: Importing library 'DatabaseLibrary' failed: ModuleNotFoundError: No module named 'DatabaseLibrary'
Traceback (most recent call last):
  None
PYTHONPATH:
  D:\office docs\automation\buku\test_cases
  C:\Program Files\Python38\python38.zip
  C:\Program Files\Python38\DLLs
  C:\Program Files\Python38\lib
  C:\Program Files\Python38
  C:\Users\shara\AppData\Roaming\Python\Python38\site-packages
  C:\Program Files\Python38\lib\site-packages</msg>
</errors>
</robot>
