<?xml version="1.0" encoding="UTF-8"?>
<robot generator="Robot 4.1.1 (Python 3.8.2 on win32)" generated="20211027 00:20:58.503" rpa="false" schemaversion="2">
<suite id="s1" name="Test Cases" source="D:\office docs\automation\BUKU\test_cases\test_cases.robot">
<test id="s1-t1" name="Test-1 login into app &gt; navigate to hutang tab &gt; tap on tambah hutang piutang &gt; Add amount Rp &gt; tap on Pilih dari buku kontak &gt; Pick existing contact &gt; Add notes and select dates[">
<kw name="launch bee cash app in android" library="app_featurs">
<kw name="Open Application" library="AppiumLibrary">
<arg>remote_url=${DEV.APPIUM_SERVER}</arg>
<arg>platformName=${DEV.PLATFORM_NAME}</arg>
<arg>platformVersion=${DEV.PLATFORM_VERSION}</arg>
<arg>deviceName=${DEV.DEVICE_NAME}</arg>
<arg>automationName=${automationName}</arg>
<arg>appPackage=${appPackage}</arg>
<arg>appActivity=${appActivity}</arg>
<doc>Opens a new application to given Appium server.
Capabilities of appium server, Android and iOS,
Please check https://github.com/appium/appium/blob/master/docs/en/writing-running-appium/server-args.md
| *Option*            | *Man.* | *Description*     |
| remote_url          | Yes    | Appium server url |
| alias               | no     | alias             |</doc>
<status status="PASS" starttime="20211027 00:20:58.663" endtime="20211027 00:21:05.912"/>
</kw>
<status status="PASS" starttime="20211027 00:20:58.663" endtime="20211027 00:21:05.912"/>
</kw>
<kw name="performing logina via otp with valid credentials" library="app_featurs">
<kw name="Wait Until Keyword Succeeds" library="BuiltIn">
<arg>2x</arg>
<arg>2sec</arg>
<arg>input text</arg>
<arg>${phone_field}</arg>
<arg>${phone_number}</arg>
<doc>Runs the specified keyword and retries if it fails.</doc>
<kw name="Input Text" library="AppiumLibrary">
<arg>${phone_field}</arg>
<arg>${phone_number}</arg>
<doc>Types the given `text` into text field identified by `locator`.</doc>
<msg timestamp="20211027 00:21:05.915" level="INFO">Typing text '7406792607' into text field 'xpath=//android.widget.EditText[@index='3']'</msg>
<status status="PASS" starttime="20211027 00:21:05.913" endtime="20211027 00:21:09.369"/>
</kw>
<status status="PASS" starttime="20211027 00:21:05.913" endtime="20211027 00:21:09.369"/>
</kw>
<kw name="Wait Until Keyword Succeeds" library="BuiltIn">
<arg>2x</arg>
<arg>2sec</arg>
<arg>Wait Until Page Contains Element</arg>
<arg>${country_change_option}</arg>
<doc>Runs the specified keyword and retries if it fails.</doc>
<kw name="Wait Until Page Contains Element" library="AppiumLibrary">
<arg>${country_change_option}</arg>
<doc>Waits until element specified with `locator` appears on current page.</doc>
<status status="PASS" starttime="20211027 00:21:09.370" endtime="20211027 00:21:09.567"/>
</kw>
<status status="PASS" starttime="20211027 00:21:09.369" endtime="20211027 00:21:09.567"/>
</kw>
<kw name="Wait Until Keyword Succeeds" library="BuiltIn">
<arg>2x</arg>
<arg>2sec</arg>
<arg>click element</arg>
<arg>${country_change_option}</arg>
<doc>Runs the specified keyword and retries if it fails.</doc>
<kw name="Click Element" library="AppiumLibrary">
<arg>${country_change_option}</arg>
<doc>Click element identified by `locator`.</doc>
<msg timestamp="20211027 00:21:09.569" level="INFO">Clicking element 'xpath=//android.view.ViewGroup[@content-desc='Pilih Daerah']'.</msg>
<status status="PASS" starttime="20211027 00:21:09.567" endtime="20211027 00:21:10.041"/>
</kw>
<status status="PASS" starttime="20211027 00:21:09.567" endtime="20211027 00:21:10.041"/>
</kw>
<kw name="Wait Until Keyword Succeeds" library="BuiltIn">
<arg>2x</arg>
<arg>2sec</arg>
<arg>click element</arg>
<arg>${select_indian}</arg>
<doc>Runs the specified keyword and retries if it fails.</doc>
<kw name="Click Element" library="AppiumLibrary">
<arg>${select_indian}</arg>
<doc>Click element identified by `locator`.</doc>
<msg timestamp="20211027 00:21:10.043" level="INFO">Clicking element 'xpath=//android.widget.TextView[@text='India']'.</msg>
<msg timestamp="20211027 00:21:10.077" level="FAIL">ValueError: Element locator 'xpath=//android.widget.TextView[@text='India']' did not match any elements.</msg>
<status status="FAIL" starttime="20211027 00:21:10.042" endtime="20211027 00:21:10.077"/>
</kw>
<kw name="Click Element" library="AppiumLibrary">
<arg>${select_indian}</arg>
<doc>Click element identified by `locator`.</doc>
<msg timestamp="20211027 00:21:12.087" level="INFO">Clicking element 'xpath=//android.widget.TextView[@text='India']'.</msg>
<status status="PASS" starttime="20211027 00:21:12.086" endtime="20211027 00:21:12.560"/>
</kw>
<status status="PASS" starttime="20211027 00:21:10.042" endtime="20211027 00:21:12.560"/>
</kw>
<kw name="Wait Until Keyword Succeeds" library="BuiltIn">
<arg>2x</arg>
<arg>2sec</arg>
<arg>click element</arg>
<arg>${send_otp_button}</arg>
<doc>Runs the specified keyword and retries if it fails.</doc>
<kw name="Click Element" library="AppiumLibrary">
<arg>${send_otp_button}</arg>
<doc>Click element identified by `locator`.</doc>
<msg timestamp="20211027 00:21:12.562" level="INFO">Clicking element 'xpath=//android.widget.TextView[@text='OTP via SMS']'.</msg>
<msg timestamp="20211027 00:21:12.609" level="FAIL">ValueError: Element locator 'xpath=//android.widget.TextView[@text='OTP via SMS']' did not match any elements.</msg>
<status status="FAIL" starttime="20211027 00:21:12.560" endtime="20211027 00:21:12.609"/>
</kw>
<kw name="Click Element" library="AppiumLibrary">
<arg>${send_otp_button}</arg>
<doc>Click element identified by `locator`.</doc>
<msg timestamp="20211027 00:21:14.620" level="INFO">Clicking element 'xpath=//android.widget.TextView[@text='OTP via SMS']'.</msg>
<status status="PASS" starttime="20211027 00:21:14.619" endtime="20211027 00:21:14.657"/>
</kw>
<status status="PASS" starttime="20211027 00:21:12.560" endtime="20211027 00:21:14.657"/>
</kw>
<kw name="Wait Until Keyword Succeeds" library="BuiltIn">
<arg>2x</arg>
<arg>2sec</arg>
<arg>Wait Until Page Contains Element</arg>
<arg>${otp_field}</arg>
<doc>Runs the specified keyword and retries if it fails.</doc>
<kw name="Wait Until Page Contains Element" library="AppiumLibrary">
<arg>${otp_field}</arg>
<doc>Waits until element specified with `locator` appears on current page.</doc>
<status status="PASS" starttime="20211027 00:21:14.658" endtime="20211027 00:21:16.268"/>
</kw>
<status status="PASS" starttime="20211027 00:21:14.657" endtime="20211027 00:21:16.268"/>
</kw>
<kw name="Wait Until Keyword Succeeds" library="BuiltIn">
<arg>2x</arg>
<arg>2sec</arg>
<arg>input text</arg>
<arg>${otp_field}</arg>
<arg>${otp_number}</arg>
<doc>Runs the specified keyword and retries if it fails.</doc>
<kw name="Input Text" library="AppiumLibrary">
<arg>${otp_field}</arg>
<arg>${otp_number}</arg>
<doc>Types the given `text` into text field identified by `locator`.</doc>
<msg timestamp="20211027 00:21:16.270" level="INFO">Typing text '1234' into text field 'xpath=//android.widget.EditText[@index='0']'</msg>
<status status="PASS" starttime="20211027 00:21:16.269" endtime="20211027 00:21:16.310"/>
</kw>
<status status="PASS" starttime="20211027 00:21:16.269" endtime="20211027 00:21:16.310"/>
</kw>
<status status="PASS" starttime="20211027 00:21:05.913" endtime="20211027 00:21:16.310"/>
</kw>
<kw name="Navigate to hutang tab" library="app_featurs">
<kw name="Wait Until Keyword Succeeds" library="BuiltIn">
<arg>3x</arg>
<arg>2sec</arg>
<arg>Wait Until Page Contains Element</arg>
<arg>${hutang_tab}</arg>
<doc>Runs the specified keyword and retries if it fails.</doc>
<kw name="Wait Until Page Contains Element" library="AppiumLibrary">
<arg>${hutang_tab}</arg>
<doc>Waits until element specified with `locator` appears on current page.</doc>
<status status="PASS" starttime="20211027 00:21:16.311" endtime="20211027 00:21:20.572"/>
</kw>
<status status="PASS" starttime="20211027 00:21:16.310" endtime="20211027 00:21:20.572"/>
</kw>
<kw name="Wait Until Keyword Succeeds" library="BuiltIn">
<arg>3x</arg>
<arg>2sec</arg>
<arg>click element</arg>
<arg>${hutang_tab}</arg>
<doc>Runs the specified keyword and retries if it fails.</doc>
<kw name="Click Element" library="AppiumLibrary">
<arg>${hutang_tab}</arg>
<doc>Click element identified by `locator`.</doc>
<msg timestamp="20211027 00:21:20.574" level="INFO">Clicking element 'xpath=//android.widget.TextView[@text='Hutang']'.</msg>
<status status="PASS" starttime="20211027 00:21:20.572" endtime="20211027 00:21:21.204"/>
</kw>
<status status="PASS" starttime="20211027 00:21:20.572" endtime="20211027 00:21:21.204"/>
</kw>
<status status="PASS" starttime="20211027 00:21:16.310" endtime="20211027 00:21:21.204"/>
</kw>
<kw name="Tap on tambah hutang piutang" library="app_featurs">
<kw name="Wait Until Keyword Succeeds" library="BuiltIn">
<arg>3x</arg>
<arg>2sec</arg>
<arg>click element</arg>
<arg>${tambah_hutang_piutang}</arg>
<doc>Runs the specified keyword and retries if it fails.</doc>
<kw name="Click Element" library="AppiumLibrary">
<arg>${tambah_hutang_piutang}</arg>
<doc>Click element identified by `locator`.</doc>
<msg timestamp="20211027 00:21:21.206" level="INFO">Clicking element 'xpath=//android.widget.TextView[@text='TAMBAH HUTANG PIUTANG']'.</msg>
<msg timestamp="20211027 00:21:21.240" level="FAIL">ValueError: Element locator 'xpath=//android.widget.TextView[@text='TAMBAH HUTANG PIUTANG']' did not match any elements.</msg>
<status status="FAIL" starttime="20211027 00:21:21.205" endtime="20211027 00:21:21.240"/>
</kw>
<kw name="Click Element" library="AppiumLibrary">
<arg>${tambah_hutang_piutang}</arg>
<doc>Click element identified by `locator`.</doc>
<msg timestamp="20211027 00:21:23.248" level="INFO">Clicking element 'xpath=//android.widget.TextView[@text='TAMBAH HUTANG PIUTANG']'.</msg>
<status status="PASS" starttime="20211027 00:21:23.247" endtime="20211027 00:21:23.306"/>
</kw>
<status status="PASS" starttime="20211027 00:21:21.205" endtime="20211027 00:21:23.306"/>
</kw>
<status status="PASS" starttime="20211027 00:21:21.204" endtime="20211027 00:21:23.306"/>
</kw>
<doc>make payment</doc>
<tag>payment</tag>
<status status="PASS" starttime="20211027 00:20:58.662" endtime="20211027 00:21:23.307"/>
</test>
<status status="PASS" starttime="20211027 00:20:58.504" endtime="20211027 00:21:23.307"/>
</suite>
<statistics>
<total>
<stat pass="1" fail="0" skip="0">All Tests</stat>
</total>
<tag>
<stat pass="1" fail="0" skip="0">payment</stat>
</tag>
<suite>
<stat pass="1" fail="0" skip="0" id="s1" name="Test Cases">Test Cases</stat>
</suite>
</statistics>
<errors>
<msg timestamp="20211027 00:20:58.520" level="ERROR">Error in file 'D:\office docs\automation\BUKU\test_cases\test_cases.robot' on line 3: Importing library 'DatabaseLibrary' failed: ModuleNotFoundError: No module named 'DatabaseLibrary'
Traceback (most recent call last):
  None
PYTHONPATH:
  D:\office docs\automation\BUKU\test_cases
  C:\Program Files\Python38\python38.zip
  C:\Program Files\Python38\DLLs
  C:\Program Files\Python38\lib
  C:\Program Files\Python38
  C:\Users\shara\AppData\Roaming\Python\Python38\site-packages
  C:\Program Files\Python38\lib\site-packages</msg>
<msg timestamp="20211027 00:20:58.657" level="ERROR">Error in file 'D:\office docs\automation\BUKU\feature\app_featurs.robot' on line 3: Importing library 'DatabaseLibrary' failed: ModuleNotFoundError: No module named 'DatabaseLibrary'
Traceback (most recent call last):
  None
PYTHONPATH:
  D:\office docs\automation\BUKU\test_cases
  C:\Program Files\Python38\python38.zip
  C:\Program Files\Python38\DLLs
  C:\Program Files\Python38\lib
  C:\Program Files\Python38
  C:\Users\shara\AppData\Roaming\Python\Python38\site-packages
  C:\Program Files\Python38\lib\site-packages</msg>
<msg timestamp="20211027 00:20:58.660" level="ERROR">Error in file 'D:\office docs\automation\BUKU\locators\app_locators.robot' on line 3: Importing library 'DatabaseLibrary' failed: ModuleNotFoundError: No module named 'DatabaseLibrary'
Traceback (most recent call last):
  None
PYTHONPATH:
  D:\office docs\automation\BUKU\test_cases
  C:\Program Files\Python38\python38.zip
  C:\Program Files\Python38\DLLs
  C:\Program Files\Python38\lib
  C:\Program Files\Python38
  C:\Users\shara\AppData\Roaming\Python\Python38\site-packages
  C:\Program Files\Python38\lib\site-packages</msg>
</errors>
</robot>
